<?xml version="1.0" encoding="UTF-8"?>
<testng-results ignored="5" total="7" passed="2" failed="0" skipped="0">
  <reporter-output>
  </reporter-output>
  <suite started-at="2023-03-01T18:22:35 EST" name="TestNG Basics" finished-at="2023-03-01T18:22:35 EST" duration-ms="115">
    <groups>
      <group name="SmokeTest">
        <method signature="TestNGAssertions.testTwo()[pri:0, instance:testNG.basics.TestNGAssertions@14028087]" name="testTwo" class="testNG.basics.TestNGAssertions"/>
        <method signature="TestNGAnnotations.testOne()[pri:1, instance:testNG.basics.TestNGAnnotations@5e2c3d18]" name="testOne" class="testNG.basics.TestNGAnnotations"/>
      </group> <!-- SmokeTest -->
    </groups>
    <test started-at="2023-03-01T18:22:35 EST" name="Annotations" finished-at="2023-03-01T18:22:35 EST" duration-ms="55">
      <class name="testNG.basics.TestNGAssertions">
        <test-method signature="testTwo()[pri:0, instance:testNG.basics.TestNGAssertions@14028087]" started-at="2023-03-01T18:22:35 EST" name="testTwo" finished-at="2023-03-01T18:22:35 EST" duration-ms="4" status="PASS">
          <reporter-output>
          </reporter-output>
        </test-method> <!-- testTwo -->
      </class> <!-- testNG.basics.TestNGAssertions -->
      <class name="testNG.basics.TestNGAnnotations">
        <test-method signature="testOne()[pri:1, instance:testNG.basics.TestNGAnnotations@5e2c3d18]" started-at="2023-03-01T18:22:35 EST" name="testOne" finished-at="2023-03-01T18:22:35 EST" duration-ms="7" status="PASS">
          <reporter-output>
          </reporter-output>
        </test-method> <!-- testOne -->
      </class> <!-- testNG.basics.TestNGAnnotations -->
    </test> <!-- Annotations -->
    <test started-at="2023-03-01T18:22:35 EST" name="TestNG Parameters" finished-at="2023-03-01T18:22:35 EST" duration-ms="1">
    </test> <!-- TestNG Parameters -->
  </suite> <!-- TestNG Basics -->
</testng-results>
